
> tasks_and_habbits@0.1.0 dist
> npm run build && npm run copy-assets && electron-builder


> tasks_and_habbits@0.1.0 build
> next build

Γû▓ Next.js 16.1.1 (Turbopack)
- Environments: .env

  Creating an optimized production build ...
Γ£ô Compiled successfully in 25.7s
  Running TypeScript ...
  Collecting page data using 11 workers ...
  Generating static pages using 11 workers (0/4) ...
  Generating static pages using 11 workers (1/4) 
  Generating static pages using 11 workers (2/4) 
  Generating static pages using 11 workers (3/4) 
Γ£ô Generating static pages using 11 workers (4/4) in 1239.2ms
  Finalizing page optimization ...

Route (app)
Γöî ╞Æ /
Γö£ Γùï /_not-found
Γöö Γùï /reflection


Γùï  (Static)   prerendered as static content
╞Æ  (Dynamic)  server-rendered on demand


> tasks_and_habbits@0.1.0 copy-assets
> echo Copying assets... && xcopy /E /I /Y public .next\standalone\public && xcopy /E /I /Y .next\static .next\standalone\.next\static

Copying assets... 
public\file.svg
public\globe.svg
public\next.svg
public\vercel.svg
public\window.svg
5 File(s) copied
.next\static\1ZMI_vuC2zSNJ-zjXivr3\_buildManifest.js
.next\static\1ZMI_vuC2zSNJ-zjXivr3\_clientMiddlewareManifest.json
.next\static\1ZMI_vuC2zSNJ-zjXivr3\_ssgManifest.js
.next\static\chunks\340cdabfa19f7700.css
.next\static\chunks\3c8341679bcd3cb9.js
.next\static\chunks\4a799e595d2db90a.js
.next\static\chunks\53748b12ae0a0472.css
.next\static\chunks\6153d1a363729c2c.js
.next\static\chunks\6ca7c40ede74bfa9.js
.next\static\chunks\a6dad97d9634a72d.js
.next\static\chunks\a6dad97d9634a72d.js.map
.next\static\chunks\b58103e10af853b7.js
.next\static\chunks\cc759f7c2413b7ff.js
.next\static\chunks\ee072962c21fa1dd.js
.next\static\chunks\ff1a16fafef87110.js
.next\static\chunks\turbopack-f22cd7767a2d3ac4.js
.next\static\media\4fa387ec64143e14-s.c1fdd6c2.woff2
.next\static\media\7178b3e590c64307-s.b97b3418.woff2
.next\static\media\797e433ab948586e-s.p.dbea232f.woff2
.next\static\media\8a480f0b521d4e75-s.8e0177b5.woff2
.next\static\media\bbc41e54d2fcbd21-s.799d8ef8.woff2
.next\static\media\caa3a2e1cccd8315-s.p.853070df.woff2
.next\static\media\favicon.0b3bf435.ico
23 File(s) copied
  ΓÇó electron-builder  version=26.0.12 os=10.0.26100
  ΓÇó loaded configuration  file=package.json ("build" field)
  ΓÇó executing @electron/rebuild  electronVersion=39.2.7 arch=x64 buildFromSource=false appDir=./
  ΓÇó installing native dependencies  arch=x64
  ΓÇó completed installing native dependencies
  ΓÇó packaging       platform=win32 arch=x64 electron=39.2.7 appOutDir=dist\win-unpacked
  ΓÇó asar usage is disabled ΓÇö this is strongly not recommended  solution=enable asar and use asarUnpack to unpack files that must be externally available
  ΓÇó signing with signtool.exe  path=dist\win-unpacked\resources\app\node_modules\@prisma\engines\schema-engine-windows.exe
  ΓÇó asar usage is disabled ΓÇö this is strongly not recommended  solution=enable asar and use asarUnpack to unpack files that must be externally available
  ΓÇó default Electron icon is used  reason=application icon is not set
  Γ¿» cannot execute  cause=exec: "C:\\Users\\akars\\AppData\\Local\\electron-builder\\Cache\\winCodeSign\\winCodeSign-2.6.0\\rcedit-x64.exe": file does not exist
                    command='C:\Users\akars\AppData\Local\electron-builder\Cache\winCodeSign\winCodeSign-2.6.0\rcedit-x64.exe' 'C:\Users\akars\OneDrive\Desktop\tasks_and_habbits\dist\win-unpacked\Growth Tracker 2026.exe' --set-version-string FileDescription 'Growth Tracker 2026' --set-version-string ProductName 'Growth Tracker 2026' --set-version-string LegalCopyright 'Copyright ┬⌐ 2026 User' --set-file-version 0.1.0 --set-product-version 0.1.0.0 --set-version-string InternalName 'Growth Tracker 2026' --set-version-string OriginalFilename '' --set-version-string CompanyName User
                    workingDir=
  ΓÇó Above command failed, retrying 3 more times
  Γ¿» cannot execute  cause=exec: "C:\\Users\\akars\\AppData\\Local\\electron-builder\\Cache\\winCodeSign\\winCodeSign-2.6.0\\rcedit-x64.exe": file does not exist
                    command='C:\Users\akars\AppData\Local\electron-builder\Cache\winCodeSign\winCodeSign-2.6.0\rcedit-x64.exe' 'C:\Users\akars\OneDrive\Desktop\tasks_and_habbits\dist\win-unpacked\Growth Tracker 2026.exe' --set-version-string FileDescription 'Growth Tracker 2026' --set-version-string ProductName 'Growth Tracker 2026' --set-version-string LegalCopyright 'Copyright ┬⌐ 2026 User' --set-file-version 0.1.0 --set-product-version 0.1.0.0 --set-version-string InternalName 'Growth Tracker 2026' --set-version-string OriginalFilename '' --set-version-string CompanyName User
                    workingDir=
  ΓÇó Above command failed, retrying 3 more times
  Γ¿» cannot execute  cause=exec: "C:\\Users\\akars\\AppData\\Local\\electron-builder\\Cache\\winCodeSign\\winCodeSign-2.6.0\\rcedit-x64.exe": file does not exist
                    command='C:\Users\akars\AppData\Local\electron-builder\Cache\winCodeSign\winCodeSign-2.6.0\rcedit-x64.exe' 'C:\Users\akars\OneDrive\Desktop\tasks_and_habbits\dist\win-unpacked\Growth Tracker 2026.exe' --set-version-string FileDescription 'Growth Tracker 2026' --set-version-string ProductName 'Growth Tracker 2026' --set-version-string LegalCopyright 'Copyright ┬⌐ 2026 User' --set-file-version 0.1.0 --set-product-version 0.1.0.0 --set-version-string InternalName 'Growth Tracker 2026' --set-version-string OriginalFilename '' --set-version-string CompanyName User
                    workingDir=
  ΓÇó Above command failed, retrying 3 more times
  Γ¿» cannot execute  cause=exec: "C:\\Users\\akars\\AppData\\Local\\electron-builder\\Cache\\winCodeSign\\winCodeSign-2.6.0\\rcedit-x64.exe": file does not exist
                    command='C:\Users\akars\AppData\Local\electron-builder\Cache\winCodeSign\winCodeSign-2.6.0\rcedit-x64.exe' 'C:\Users\akars\OneDrive\Desktop\tasks_and_habbits\dist\win-unpacked\Growth Tracker 2026.exe' --set-version-string FileDescription 'Growth Tracker 2026' --set-version-string ProductName 'Growth Tracker 2026' --set-version-string LegalCopyright 'Copyright ┬⌐ 2026 User' --set-file-version 0.1.0 --set-product-version 0.1.0.0 --set-version-string InternalName 'Growth Tracker 2026' --set-version-string OriginalFilename '' --set-version-string CompanyName User
                    workingDir=
  ΓÇó Above command failed, retrying 3 more times
